Build started 18/06/2019 18:39:43.
     1>Project "D:\xampp\htdocs\tekvir\VIx\VIx\VIx.vcxproj" on node 2 (build target(s)).
     1>InitializeBuildStatus:
         Creating "Debug\VIx.unsuccessfulbuild" because "AlwaysCreate" was specified.
       ClCompile:
         D:\Visual Studio 2010\VC\bin\CL.exe /c /I"C:\Program Files (x86)\VMware\VMware VIX" /ZI /nologo /W3 /WX- /Od /Oy- /D WIN32 /D _DEBUG /D _CONSOLE /D _UNICODE /D UNICODE /Gm /EHsc /RTC1 /MDd /GS /fp:precise /Zc:wchar_t /Zc:forScope /Fo"Debug\\" /Fd"Debug\vc100.pdb" /Gd /TC /analyze- /errorReport:prompt PowerOn.c
         PowerOn.c
       ManifestResourceCompile:
         All outputs are up-to-date.
       Link:
         D:\Visual Studio 2010\VC\bin\link.exe /ERRORREPORT:PROMPT /OUT:"D:\xampp\htdocs\tekvir\VIx\Debug\VIx.exe" /INCREMENTAL /NOLOGO /LIBPATH:"C:\Program Files (x86)\VMware\VMware VIX\Workstation-12.0.0\32bit" vix.lib kernel32.lib user32.lib gdi32.lib winspool.lib comdlg32.lib advapi32.lib shell32.lib ole32.lib oleaut32.lib uuid.lib odbc32.lib odbccp32.lib /MANIFEST /ManifestFile:"Debug\VIx.exe.intermediate.manifest" /MANIFESTUAC:"level='asInvoker' uiAccess='false'" /DEBUG /PDB:"D:\xampp\htdocs\tekvir\VIx\Debug\VIx.pdb" /SUBSYSTEM:CONSOLE /TLBID:1 /DYNAMICBASE /NXCOMPAT /IMPLIB:"D:\xampp\htdocs\tekvir\VIx\Debug\VIx.lib" /MACHINE:X86 Debug\VIx.exe.embed.manifest.res
         Debug\PowerOn.obj
       Manifest:
         C:\Program Files (x86)\Microsoft SDKs\Windows\v7.0A\bin\mt.exe /nologo /verbose /out:"Debug\VIx.exe.embed.manifest" /manifest Debug\VIx.exe.intermediate.manifest
         All outputs are up-to-date.
       LinkEmbedManifest:
         All outputs are up-to-date.
         VIx.vcxproj -> D:\xampp\htdocs\tekvir\VIx\Debug\VIx.exe
       FinalizeBuildStatus:
         Deleting file "Debug\VIx.unsuccessfulbuild".
         Touching "Debug\VIx.lastbuildstate".
     1>Done Building Project "D:\xampp\htdocs\tekvir\VIx\VIx\VIx.vcxproj" (build target(s)).

Build succeeded.

Time Elapsed 00:00:01.03
